TN:
SF:src/1.防抖.js
FN:2,debounce
FN:5,(anonymous_1)
FN:13,(anonymous_2)
FNF:3
FNH:3
FNDA:3,debounce
FNDA:4,(anonymous_1)
FNDA:1,(anonymous_2)
DA:3,3
DA:4,3
DA:5,3
DA:6,4
DA:7,1
DA:8,1
DA:10,4
DA:11,2
DA:13,4
DA:14,1
DA:15,1
LF:11
LH:11
BRDA:6,0,0,1
BRDA:6,0,1,3
BRDA:10,1,0,2
BRDA:10,1,1,2
BRF:4
BRH:4
end_of_record
TN:
SF:src/11.AJAX.js
FN:2,(anonymous_0)
FN:7,(anonymous_1)
FNF:2
FNH:0
FNDA:0,(anonymous_0)
FNDA:0,(anonymous_1)
DA:2,0
DA:7,0
LF:2
LH:0
BRF:0
BRH:0
end_of_record
TN:
SF:src/2.节流.js
FN:2,throttle
FN:4,(anonymous_1)
FN:7,(anonymous_2)
FNF:3
FNH:3
FNDA:1,throttle
FNDA:3,(anonymous_1)
FNDA:1,(anonymous_2)
DA:3,1
DA:4,1
DA:5,3
DA:6,1
DA:7,1
DA:8,1
LF:6
LH:6
BRDA:5,0,0,1
BRDA:5,0,1,2
BRF:2
BRH:2
end_of_record
TN:
SF:src/5.深浅拷贝.js
FN:1,deepClone
FN:6,(anonymous_1)
FNF:2
FNH:2
FNDA:17,deepClone
FNDA:8,(anonymous_1)
DA:2,17
DA:3,11
DA:5,6
DA:6,8
DA:8,3
DA:9,3
DA:10,5
DA:11,5
DA:14,3
LF:9
LH:9
BRDA:2,0,0,11
BRDA:2,0,1,6
BRDA:2,1,0,17
BRDA:2,1,1,17
BRDA:5,2,0,3
BRDA:5,2,1,3
BRDA:10,3,0,5
BRDA:10,3,1,0
BRF:8
BRH:7
end_of_record
