TN:
SF:src/1.防抖.js
FN:2,debounce
FN:5,(anonymous_1)
FN:13,(anonymous_2)
FNF:3
FNH:3
FNDA:3,debounce
FNDA:4,(anonymous_1)
FNDA:1,(anonymous_2)
DA:3,3
DA:4,3
DA:5,3
DA:6,4
DA:7,1
DA:8,1
DA:10,4
DA:11,2
DA:13,4
DA:14,1
DA:15,1
LF:11
LH:11
BRDA:6,0,0,1
BRDA:6,0,1,3
BRDA:10,1,0,2
BRDA:10,1,1,2
BRF:4
BRH:4
end_of_record
TN:
SF:src/11.AJAX.js
FN:2,(anonymous_0)
FN:7,(anonymous_1)
FNF:2
FNH:0
FNDA:0,(anonymous_0)
FNDA:0,(anonymous_1)
DA:2,0
DA:7,0
LF:2
LH:0
BRF:0
BRH:0
end_of_record
TN:
SF:src/2.节流.js
FN:2,throttle
FN:4,(anonymous_1)
FN:7,(anonymous_2)
FNF:3
FNH:3
FNDA:1,throttle
FNDA:3,(anonymous_1)
FNDA:1,(anonymous_2)
DA:3,1
DA:4,1
DA:5,3
DA:6,1
DA:7,1
DA:8,1
LF:6
LH:6
BRDA:5,0,0,1
BRDA:5,0,1,2
BRF:2
BRH:2
end_of_record
TN:
SF:src/3.数组去重.js
FN:1,uniqueArr
FN:5,uniqueArr2
FN:6,(anonymous_2)
FNF:3
FNH:3
FNDA:3,uniqueArr
FNDA:3,uniqueArr2
FNDA:10,(anonymous_2)
DA:2,3
DA:6,10
LF:2
LH:2
BRF:0
BRH:0
end_of_record
TN:
SF:src/4.数组扁平化.js
FN:3,flat
FN:8,flat2
FN:9,(anonymous_2)
FN:16,flat3
FNF:4
FNH:4
FNDA:1,flat
FNDA:3,flat2
FNDA:14,(anonymous_2)
FNDA:5,flat3
DA:4,1
DA:9,14
DA:10,2
DA:12,3
DA:17,5
DA:18,0
DA:20,5
DA:21,5
DA:22,11
DA:23,2
DA:25,9
DA:28,5
LF:12
LH:11
BRDA:17,0,0,0
BRDA:17,0,1,5
BRDA:22,1,0,2
BRDA:22,1,1,9
BRF:4
BRH:3
end_of_record
TN:
SF:src/5.深浅拷贝.js
FN:1,deepClone
FN:6,(anonymous_1)
FNF:2
FNH:2
FNDA:17,deepClone
FNDA:8,(anonymous_1)
DA:2,17
DA:3,11
DA:5,6
DA:6,8
DA:8,3
DA:9,3
DA:10,5
DA:11,5
DA:14,3
LF:9
LH:9
BRDA:2,0,0,11
BRDA:2,0,1,6
BRDA:2,1,0,17
BRDA:2,1,1,17
BRDA:5,2,0,3
BRDA:5,2,1,3
BRDA:10,3,0,5
BRDA:10,3,1,0
BRF:8
BRH:7
end_of_record
TN:
SF:src/6.发布订阅.js
FN:2,(anonymous_0)
FN:6,(anonymous_1)
FN:14,(anonymous_2)
FN:16,(anonymous_3)
FN:21,(anonymous_4)
FN:24,(anonymous_5)
FN:34,(anonymous_6)
FN:38,(anonymous_7)
FNF:8
FNH:8
FNDA:4,(anonymous_0)
FNDA:6,(anonymous_1)
FNDA:5,(anonymous_2)
FNDA:6,(anonymous_3)
FNDA:2,(anonymous_4)
FNDA:4,(anonymous_5)
FNDA:1,(anonymous_6)
FNDA:2,(anonymous_7)
DA:3,4
DA:7,6
DA:8,4
DA:10,6
DA:11,6
DA:15,5
DA:16,6
DA:18,5
DA:22,2
DA:23,2
DA:24,4
DA:27,2
DA:32,1
DA:34,1
DA:35,1
DA:38,1
DA:39,2
DA:42,1
DA:43,1
DA:45,1
DA:47,1
DA:49,1
LF:22
LH:22
BRDA:7,0,0,4
BRDA:7,0,1,2
BRDA:15,1,0,5
BRDA:15,1,1,0
BRDA:22,2,0,2
BRDA:22,2,1,0
BRF:6
BRH:4
end_of_record
TN:
SF:src/7.函数柯里化.js
FN:1,curry
FN:2,curried
FN:6,(anonymous_2)
FN:13,add
FNF:4
FNH:4
FNDA:3,curry
FNDA:17,curried
FNDA:10,(anonymous_2)
FNDA:3,add
DA:2,3
DA:3,17
DA:4,7
DA:6,10
DA:7,10
DA:14,3
DA:17,1
DA:19,1
DA:20,1
DA:21,1
LF:10
LH:10
BRDA:3,0,0,7
BRDA:3,0,1,10
BRF:2
BRH:2
end_of_record
TN:
SF:src/8.组合函数.js
FN:5,compose
FN:7,(anonymous_1)
FN:9,(anonymous_2)
FN:10,(anonymous_3)
FNF:4
FNH:4
FNDA:3,compose
FNDA:1,(anonymous_1)
FNDA:2,(anonymous_2)
FNDA:4,(anonymous_3)
DA:6,3
DA:7,1
DA:9,2
DA:10,2
DA:11,4
DA:13,2
LF:6
LH:6
BRDA:6,0,0,1
BRDA:6,0,1,2
BRF:2
BRH:2
end_of_record
